0 info it worked if it ends with ok
1 verbose cli [ 'node', '/usr/local/bin/npm', 'publish' ]
2 info using npm@2.1.1
3 info using node@v0.10.26
4 verbose publish [ '.' ]
5 verbose cache add [ '.', null ]
6 verbose cache add spec="." args=[".",null]
7 verbose parsed spec { raw: '.',
7 verbose parsed spec   scope: null,
7 verbose parsed spec   name: null,
7 verbose parsed spec   rawSpec: '.',
7 verbose parsed spec   spec: '/Users/jasongornall/Desktop/SwfHacks/FlashFunctionFinder',
7 verbose parsed spec   type: 'local' }
8 verbose cache add local package /Users/jasongornall/Desktop/SwfHacks/FlashFunctionFinder
9 verbose tar pack [ '/Users/jasongornall/.npm/FlashFunctionFinder/1.0.0/package.tgz',
9 verbose tar pack   '.' ]
10 verbose tarball /Users/jasongornall/.npm/FlashFunctionFinder/1.0.0/package.tgz
11 verbose folder .
12 info prepublish FlashFunctionFinder@1.0.0
13 verbose unsafe-perm in lifecycle true
14 silly publish { author: { name: 'Jason Gornall', email: 'gornall.jason@gmail.com' },
14 silly publish   main: './bin/stylus-help',
14 silly publish   bugs: { email: 'gornall.jason@gmail.com' },
14 silly publish   devDependencies: { 'coffee-script': '1.7.x' },
14 silly publish   description: 'Stylus tools to help with development',
14 silly publish   directories: { bin: './bin' },
14 silly publish   keywords: [ 'swf', 'functions', 'find flash functions' ],
14 silly publish   name: 'FlashFunctionFinder',
14 silly publish   repository:
14 silly publish    { type: 'git',
14 silly publish      url: 'git@github.com:jasongornall/FlashFunctionFinder.git' },
14 silly publish   scripts: { prepublish: 'cake build' },
14 silly publish   version: '1.0.0',
14 silly publish   bin: {},
14 silly publish   homepage: 'https://github.com/jasongornall/FlashFunctionFinder',
14 silly publish   license: 'ISC',
14 silly publish   readme: '# FlashFunctionFinder\n',
14 silly publish   readmeFilename: 'README.md',
14 silly publish   gitHead: '62ef39fe7810b6c635061ddd65fea79486604e53',
14 silly publish   _id: 'FlashFunctionFinder@1.0.0',
14 silly publish   _shasum: '34a49f7c26536b557da496d56c6c9cf23a0083aa',
14 silly publish   _from: '.' }
15 verbose mapToRegistry name FlashFunctionFinder
16 verbose mapToRegistry uri https://registry.npmjs.org/FlashFunctionFinder
17 verbose publish registryBase https://registry.npmjs.org/
18 verbose stack Error: Invalid name: "FlashFunctionFinder"
18 verbose stack     at ensureValidName (/usr/local/lib/node_modules/npm/node_modules/normalize-package-data/lib/fixer.js:315:15)
18 verbose stack     at module.exports.fixNameField (/usr/local/lib/node_modules/npm/node_modules/normalize-package-data/lib/fixer.js:204:5)
18 verbose stack     at RegClient.publish (/usr/local/lib/node_modules/npm/node_modules/npm-registry-client/lib/publish.js:23:5)
18 verbose stack     at /usr/local/lib/node_modules/npm/lib/publish.js:114:14
18 verbose stack     at mapToRegistry (/usr/local/lib/node_modules/npm/lib/utils/map-to-registry.js:53:3)
18 verbose stack     at publish_ (/usr/local/lib/node_modules/npm/lib/publish.js:102:3)
18 verbose stack     at Array.1 (/usr/local/lib/node_modules/npm/node_modules/slide/lib/bind-actor.js:15:8)
18 verbose stack     at LOOP (/usr/local/lib/node_modules/npm/node_modules/slide/lib/chain.js:15:14)
18 verbose stack     at LOOP (/usr/local/lib/node_modules/npm/node_modules/slide/lib/chain.js:14:28)
18 verbose stack     at chain (/usr/local/lib/node_modules/npm/node_modules/slide/lib/chain.js:20:5)
19 verbose cwd /Users/jasongornall/Desktop/SwfHacks/FlashFunctionFinder
20 error Darwin 13.4.0
21 error argv "node" "/usr/local/bin/npm" "publish"
22 error node v0.10.26
23 error npm  v2.1.1
24 error Invalid name: "FlashFunctionFinder"
25 error If you need help, you may report this error at:
25 error     <http://github.com/npm/npm/issues>
26 verbose exit [ 1, true ]
